#
# There is insufficient memory for the Java Runtime Environment to continue.
# Native memory allocation (malloc) failed to allocate 1062576 bytes for Chunk::new
# Possible reasons:
#   The system is out of physical RAM or swap space
#   The process is running with CompressedOops enabled, and the Java Heap may be blocking the growth of the native heap
# Possible solutions:
#   Reduce memory load on the system
#   Increase physical memory or swap space
#   Check if swap backing store is full
#   Decrease Java heap size (-Xmx/-Xms)
#   Decrease number of Java threads
#   Decrease Java thread stack sizes (-Xss)
#   Set larger code cache with -XX:ReservedCodeCacheSize=
#   JVM is running with Zero Based Compressed Oops mode in which the Java heap is
#     placed in the first 32GB address space. The Java Heap base address is the
#     maximum limit for the native heap growth. Please use -XX:HeapBaseMinAddress
#     to set the Java Heap base and to place the Java Heap above 32GB virtual address.
# This output file may be truncated or incomplete.
#
#  Out of Memory Error (arena.cpp:184), pid=23584, tid=16364
#
# JRE version: Java(TM) SE Runtime Environment (20.0.1+9) (build 20.0.1+9-29)
# Java VM: Java HotSpot(TM) 64-Bit Server VM (20.0.1+9-29, mixed mode, sharing, tiered, compressed oops, compressed class ptrs, g1 gc, windows-amd64)
# No core dump will be written. Minidumps are not enabled by default on client versions of Windows
#

---------------  S U M M A R Y ------------

Command Line: -javaagent:C:\Program Files\JetBrains\IntelliJ IDEA Community Edition 2023.1.2\lib\idea_rt.jar=53968:C:\Program Files\JetBrains\IntelliJ IDEA Community Edition 2023.1.2\bin -Dfile.encoding=UTF-8 -Dsun.stdout.encoding=UTF-8 -Dsun.stderr.encoding=UTF-8 com.project.paymentManagement.PaymentManagementApplication

Host: 11th Gen Intel(R) Core(TM) i5-1155G7 @ 2.50GHz, 8 cores, 15G,  Windows 11 , 64 bit Build 22621 (10.0.22621.4830)
Time: Sun Mar  2 16:49:29 2025 Paris, Madrid elapsed time: 6.450332 seconds (0d 0h 0m 6s)

---------------  T H R E A D  ---------------

Current thread (0x000001ee3f08de00):  JavaThread "C2 CompilerThread1" daemon [_thread_in_native, id=16364, stack(0x000000e861900000,0x000000e861a00000)]


Current CompileTask:
C2:   6450 5034   !   4       org.springframework.util.ReflectionUtils::doWithMethods (186 bytes)

Stack: [0x000000e861900000,0x000000e861a00000]
Native frames: (J=compiled Java code, j=interpreted, Vv=VM code, C=native code)
V  [jvm.dll+0x6bb95a]
V  [jvm.dll+0x8485fa]
V  [jvm.dll+0x84a1f5]
V  [jvm.dll+0x84a8f3]
V  [jvm.dll+0x280b0f]
V  [jvm.dll+0xc2b11]
V  [jvm.dll+0xc2e35]
V  [jvm.dll+0x3bb142]
V  [jvm.dll+0x1e6c43]
V  [jvm.dll+0x24b3ab]
V  [jvm.dll+0x24a651]
V  [jvm.dll+0x1ce491]
V  [jvm.dll+0x259e1b]
V  [jvm.dll+0x2584f0]
V  [jvm.dll+0x3f2895]
V  [jvm.dll+0x7f4b56]
V  [jvm.dll+0x6ba5cb]
C  [ucrtbase.dll+0x29333]
C  [KERNEL32.DLL+0x1259d]
C  [ntdll.dll+0x5af38]


---------------  P R O C E S S  ---------------

Threads class SMR info:
_java_thread_list=0x000001ee3ef13000, length=19, elements={
0x000001ee1a9bf690, 0x000001ee39eb4a50, 0x000001ee39eb6800, 0x000001ee39ebbc30,
0x000001ee39ebd9a0, 0x000001ee39ebe480, 0x000001ee39ec22c0, 0x000001ee39ecb0e0,
0x000001ee39ecbda0, 0x000001ee39e851b0, 0x000001ee3e53e310, 0x000001ee3e574f90,
0x000001ee3fbb85b0, 0x000001ee3fbba040, 0x000001ee3fbb8b00, 0x000001ee3fbb8060,
0x000001ee3fbb9050, 0x000001ee3f08de00, 0x000001ee3f08e390
}

Java Threads: ( => current thread )
  0x000001ee1a9bf690 JavaThread "main" [_thread_in_Java, id=23860, stack(0x000000e860100000,0x000000e860200000)]
  0x000001ee39eb4a50 JavaThread "Reference Handler" daemon [_thread_blocked, id=17928, stack(0x000000e860800000,0x000000e860900000)]
  0x000001ee39eb6800 JavaThread "Finalizer" daemon [_thread_blocked, id=23184, stack(0x000000e860900000,0x000000e860a00000)]
  0x000001ee39ebbc30 JavaThread "Signal Dispatcher" daemon [_thread_blocked, id=23896, stack(0x000000e860a00000,0x000000e860b00000)]
  0x000001ee39ebd9a0 JavaThread "Attach Listener" daemon [_thread_blocked, id=22984, stack(0x000000e860b00000,0x000000e860c00000)]
  0x000001ee39ebe480 JavaThread "Service Thread" daemon [_thread_blocked, id=10428, stack(0x000000e860c00000,0x000000e860d00000)]
  0x000001ee39ec22c0 JavaThread "Monitor Deflation Thread" daemon [_thread_blocked, id=10460, stack(0x000000e860d00000,0x000000e860e00000)]
  0x000001ee39ecb0e0 JavaThread "C2 CompilerThread0" daemon [_thread_in_native, id=168, stack(0x000000e860e00000,0x000000e860f00000)]
  0x000001ee39ecbda0 JavaThread "C1 CompilerThread0" daemon [_thread_blocked, id=24412, stack(0x000000e860f00000,0x000000e861000000)]
  0x000001ee39e851b0 JavaThread "Common-Cleaner" daemon [_thread_blocked, id=13628, stack(0x000000e861000000,0x000000e861100000)]
  0x000001ee3e53e310 JavaThread "Monitor Ctrl-Break" daemon [_thread_in_native, id=4896, stack(0x000000e861200000,0x000000e861300000)]
  0x000001ee3e574f90 JavaThread "Notification Thread" daemon [_thread_blocked, id=11696, stack(0x000000e861300000,0x000000e861400000)]
  0x000001ee3fbb85b0 JavaThread "Catalina-utility-1" [_thread_blocked, id=9628, stack(0x000000e861a00000,0x000000e861b00000)]
  0x000001ee3fbba040 JavaThread "Catalina-utility-2" [_thread_blocked, id=22576, stack(0x000000e861f00000,0x000000e862000000)]
  0x000001ee3fbb8b00 JavaThread "container-0" [_thread_blocked, id=23884, stack(0x000000e862000000,0x000000e862100000)]
  0x000001ee3fbb8060 JavaThread "HikariPool-1 housekeeper" daemon [_thread_blocked, id=7180, stack(0x000000e862100000,0x000000e862200000)]
  0x000001ee3fbb9050 JavaThread "HikariPool-1 connection adder" daemon [_thread_blocked, id=22432, stack(0x000000e862200000,0x000000e862300000)]
=>0x000001ee3f08de00 JavaThread "C2 CompilerThread1" daemon [_thread_in_native, id=16364, stack(0x000000e861900000,0x000000e861a00000)]
  0x000001ee3f08e390 JavaThread "C2 CompilerThread2" daemon [_thread_in_native, id=17100, stack(0x000000e861d00000,0x000000e861e00000)]

Other Threads:
  0x000001ee39e98720 VMThread "VM Thread" [stack: 0x000000e860700000,0x000000e860800000] [id=23088]
  0x000001ee3e53e860 WatcherThread "VM Periodic Task Thread" [stack: 0x000000e861400000,0x000000e861500000] [id=18716]
  0x000001ee1aa32fc0 WorkerThread "GC Thread#0" [stack: 0x000000e860200000,0x000000e860300000] [id=16036]
  0x000001ee3ef2dac0 WorkerThread "GC Thread#1" [stack: 0x000000e861100000,0x000000e861200000] [id=12204]
  0x000001ee3ef2dd90 WorkerThread "GC Thread#2" [stack: 0x000000e861500000,0x000000e861600000] [id=14524]
  0x000001ee3ef7abe0 WorkerThread "GC Thread#3" [stack: 0x000000e861600000,0x000000e861700000] [id=24432]
  0x000001ee3ef7b9f0 WorkerThread "GC Thread#4" [stack: 0x000000e861700000,0x000000e861800000] [id=22612]
  0x000001ee3ef7bcc0 WorkerThread "GC Thread#5" [stack: 0x000000e861800000,0x000000e861900000] [id=6596]
  0x000001ee3ef7a910 WorkerThread "GC Thread#6" [stack: 0x000000e861b00000,0x000000e861c00000] [id=19936]
  0x000001ee3ef7aeb0 WorkerThread "GC Thread#7" [stack: 0x000000e861c00000,0x000000e861d00000] [id=22292]
  0x000001ee1aa439e0 ConcurrentGCThread "G1 Main Marker" [stack: 0x000000e860300000,0x000000e860400000] [id=2584]
  0x000001ee1aa444b0 WorkerThread "G1 Conc#0" [stack: 0x000000e860400000,0x000000e860500000] [id=21768]
  0x000001ee405eb590 WorkerThread "G1 Conc#1" [stack: 0x000000e861e00000,0x000000e861f00000] [id=14584]
  0x000001ee39d5c2e0 ConcurrentGCThread "G1 Refine#0" [stack: 0x000000e860500000,0x000000e860600000] [id=14860]
  0x000001ee39d5cc80 ConcurrentGCThread "G1 Service" [stack: 0x000000e860600000,0x000000e860700000] [id=23868]

Threads with active compile tasks:
C2 CompilerThread0     6468 5020       4       org.springframework.core.ResolvableType::as (86 bytes)
C2 CompilerThread1     6468 5034   !   4       org.springframework.util.ReflectionUtils::doWithMethods (186 bytes)
C2 CompilerThread2     6468 5047   !   4       org.springframework.core.annotation.AnnotationsScanner::processMethodHierarchy (276 bytes)

VM state: not at safepoint (normal execution)

VM Mutex/Monitor currently owned by a thread: None

Heap address: 0x0000000703e00000, size: 4034 MB, Compressed Oops mode: Zero based, Oop shift amount: 3

CDS archive(s) mapped at: [0x0000000800000000-0x0000000800c60000-0x0000000800c60000), size 12976128, SharedBaseAddress: 0x0000000800000000, ArchiveRelocationMode: 0.
Compressed class space mapped at: 0x0000000801000000-0x0000000841000000, reserved size: 1073741824
Narrow klass base: 0x0000000800000000, Narrow klass shift: 0, Narrow klass range: 0x100000000

GC Precious Log:
 CardTable entry size: 512
 Card Set container configuration: InlinePtr #cards 4 size 8 Array Of Cards #cards 16 size 48 Howl #buckets 8 coarsen threshold 3686 Howl Bitmap #cards 512 size 80 coarsen threshold 460 Card regions per heap region 1 cards per card region 4096
 CPUs: 8 total, 8 available
 Memory: 16133M
 Large Page Support: Disabled
 NUMA Support: Disabled
 Compressed Oops: Enabled (Zero based)
 Heap Region Size: 2M
 Heap Min Capacity: 8M
 Heap Initial Capacity: 254M
 Heap Max Capacity: 4034M
 Pre-touch: Disabled
 Parallel Workers: 8
 Concurrent Workers: 2
 Concurrent Refinement Workers: 8
 Periodic GC: Disabled

Heap:
 garbage-first heap   total 69632K, used 35329K [0x0000000703e00000, 0x0000000800000000)
  region size 2048K, 8 young (16384K), 2 survivors (4096K)
 Metaspace       used 62321K, committed 63040K, reserved 1114112K
  class space    used 8391K, committed 8704K, reserved 1048576K

Heap Regions: E=young(eden), S=young(survivor), O=old, HS=humongous(starts), HC=humongous(continues), CS=collection set, F=free, OA=open archive, CA=closed archive, TAMS=top-at-mark-start, PB=parsable bottom
|   0|0x0000000703e00000, 0x0000000704000000, 0x0000000704000000|100%| O|  |TAMS 0x0000000703e00000| PB 0x0000000703e00000| Untracked 
|   1|0x0000000704000000, 0x0000000704200000, 0x0000000704200000|100%| O|  |TAMS 0x0000000704000000| PB 0x0000000704000000| Untracked 
|   2|0x0000000704200000, 0x0000000704400000, 0x0000000704400000|100%| O|  |TAMS 0x0000000704200000| PB 0x0000000704200000| Untracked 
|   3|0x0000000704400000, 0x0000000704600000, 0x0000000704600000|100%| O|  |TAMS 0x0000000704400000| PB 0x0000000704400000| Untracked 
|   4|0x0000000704600000, 0x0000000704800000, 0x0000000704800000|100%| O|  |TAMS 0x0000000704600000| PB 0x0000000704600000| Untracked 
|   5|0x0000000704800000, 0x0000000704a00000, 0x0000000704a00000|100%| O|  |TAMS 0x0000000704800000| PB 0x0000000704800000| Untracked 
|   6|0x0000000704a00000, 0x0000000704bb0600, 0x0000000704c00000| 84%| O|  |TAMS 0x0000000704a00000| PB 0x0000000704a00000| Untracked 
|   7|0x0000000704c00000, 0x0000000704e00000, 0x0000000704e00000|100%| O|  |TAMS 0x0000000704c00000| PB 0x0000000704c00000| Untracked 
|   8|0x0000000704e00000, 0x0000000705000000, 0x0000000705000000|100%| O|  |TAMS 0x0000000704e00000| PB 0x0000000704e00000| Untracked 
|   9|0x0000000705000000, 0x0000000705200000, 0x0000000705200000|100%| O|  |TAMS 0x0000000705000000| PB 0x0000000705000000| Untracked 
|  10|0x0000000705200000, 0x0000000705400000, 0x0000000705400000|100%| O|  |TAMS 0x0000000705200000| PB 0x0000000705200000| Complete 
|  11|0x0000000705400000, 0x0000000705400000, 0x0000000705600000|  0%| F|  |TAMS 0x0000000705400000| PB 0x0000000705400000| Untracked 
|  12|0x0000000705600000, 0x0000000705600000, 0x0000000705800000|  0%| F|  |TAMS 0x0000000705600000| PB 0x0000000705600000| Untracked 
|  13|0x0000000705800000, 0x0000000705800000, 0x0000000705a00000|  0%| F|  |TAMS 0x0000000705800000| PB 0x0000000705800000| Untracked 
|  14|0x0000000705a00000, 0x0000000705a00000, 0x0000000705c00000|  0%| F|  |TAMS 0x0000000705a00000| PB 0x0000000705a00000| Untracked 
|  15|0x0000000705c00000, 0x0000000705c00000, 0x0000000705e00000|  0%| F|  |TAMS 0x0000000705c00000| PB 0x0000000705c00000| Untracked 
|  16|0x0000000705e00000, 0x0000000705e00000, 0x0000000706000000|  0%| F|  |TAMS 0x0000000705e00000| PB 0x0000000705e00000| Untracked 
|  17|0x0000000706000000, 0x0000000706000000, 0x0000000706200000|  0%| F|  |TAMS 0x0000000706000000| PB 0x0000000706000000| Untracked 
|  18|0x0000000706200000, 0x0000000706200000, 0x0000000706400000|  0%| F|  |TAMS 0x0000000706200000| PB 0x0000000706200000| Untracked 
|  19|0x0000000706400000, 0x0000000706400000, 0x0000000706600000|  0%| F|  |TAMS 0x0000000706400000| PB 0x0000000706400000| Untracked 
|  20|0x0000000706600000, 0x0000000706600000, 0x0000000706800000|  0%| F|  |TAMS 0x0000000706600000| PB 0x0000000706600000| Untracked 
|  21|0x0000000706800000, 0x00000007068d0140, 0x0000000706a00000| 40%| S|CS|TAMS 0x0000000706800000| PB 0x0000000706800000| Complete 
|  22|0x0000000706a00000, 0x0000000706c00000, 0x0000000706c00000|100%| S|CS|TAMS 0x0000000706a00000| PB 0x0000000706a00000| Complete 
|  23|0x0000000706c00000, 0x0000000706c00000, 0x0000000706e00000|  0%| F|  |TAMS 0x0000000706c00000| PB 0x0000000706c00000| Untracked 
|  24|0x0000000706e00000, 0x0000000706e00000, 0x0000000707000000|  0%| F|  |TAMS 0x0000000706e00000| PB 0x0000000706e00000| Untracked 
|  25|0x0000000707000000, 0x0000000707000000, 0x0000000707200000|  0%| F|  |TAMS 0x0000000707000000| PB 0x0000000707000000| Untracked 
|  26|0x0000000707200000, 0x0000000707200000, 0x0000000707400000|  0%| F|  |TAMS 0x0000000707200000| PB 0x0000000707200000| Untracked 
|  27|0x0000000707400000, 0x0000000707400000, 0x0000000707600000|  0%| F|  |TAMS 0x0000000707400000| PB 0x0000000707400000| Untracked 
|  99|0x0000000710400000, 0x00000007104a5978, 0x0000000710600000| 32%| E|  |TAMS 0x0000000710400000| PB 0x0000000710400000| Complete 
| 100|0x0000000710600000, 0x0000000710800000, 0x0000000710800000|100%| E|CS|TAMS 0x0000000710600000| PB 0x0000000710600000| Complete 
| 101|0x0000000710800000, 0x0000000710a00000, 0x0000000710a00000|100%| E|CS|TAMS 0x0000000710800000| PB 0x0000000710800000| Complete 
| 102|0x0000000710a00000, 0x0000000710c00000, 0x0000000710c00000|100%| E|CS|TAMS 0x0000000710a00000| PB 0x0000000710a00000| Complete 
| 125|0x0000000713800000, 0x0000000713a00000, 0x0000000713a00000|100%| E|CS|TAMS 0x0000000713800000| PB 0x0000000713800000| Complete 
| 126|0x0000000713a00000, 0x0000000713c00000, 0x0000000713c00000|100%| E|CS|TAMS 0x0000000713a00000| PB 0x0000000713a00000| Complete 

Card table byte_map: [0x000001ee32580000,0x000001ee32d70000] _byte_map_base: 0x000001ee2ed61000

Marking Bits: (CMBitMap*) 0x000001ee1aa334f0
 Bits: [0x000001ee33560000, 0x000001ee37468000)

Polling page: 0x000001ee1a170000

Metaspace:

Usage:
  Non-class:     52.68 MB used.
      Class:      8.20 MB used.
       Both:     60.87 MB used.

Virtual space:
  Non-class space:       64.00 MB reserved,      53.06 MB ( 83%) committed,  1 nodes.
      Class space:        1.00 GB reserved,       8.50 MB ( <1%) committed,  1 nodes.
             Both:        1.06 GB reserved,      61.56 MB (  6%) committed. 

Chunk freelists:
   Non-Class:  2.55 MB
       Class:  3.53 MB
        Both:  6.08 MB

MaxMetaspaceSize: unlimited
CompressedClassSpaceSize: 1.00 GB
Initial GC threshold: 21.00 MB
Current GC threshold: 99.81 MB
CDS: on
MetaspaceReclaimPolicy: balanced
 - commit_granule_bytes: 65536.
 - commit_granule_words: 8192.
 - virtual_space_node_default_size: 8388608.
 - enlarge_chunks_in_place: 1.
 - new_chunks_are_fully_committed: 0.
 - uncommit_free_chunks: 1.
 - use_allocation_guard: 0.


Internal statistics:

num_allocs_failed_limit: 9.
num_arena_births: 864.
num_arena_deaths: 0.
num_vsnodes_births: 2.
num_vsnodes_deaths: 0.
num_space_committed: 985.
num_space_uncommitted: 0.
num_chunks_returned_to_freelist: 9.
num_chunks_taken_from_freelist: 3139.
num_chunk_merges: 6.
num_chunk_splits: 2278.
num_chunks_enlarged: 1781.
num_inconsistent_stats: 0.

CodeHeap 'non-profiled nmethods': size=120000Kb used=2531Kb max_used=2971Kb free=117468Kb
 bounds [0x000001ee2a530000, 0x000001ee2a820000, 0x000001ee31a60000]
CodeHeap 'profiled nmethods': size=120000Kb used=8265Kb max_used=9533Kb free=111734Kb
 bounds [0x000001ee22a60000, 0x000001ee233c0000, 0x000001ee29f90000]
CodeHeap 'non-nmethods': size=5760Kb used=1886Kb max_used=1897Kb free=3873Kb
 bounds [0x000001ee29f90000, 0x000001ee2a200000, 0x000001ee2a530000]
 total_blobs=5021 nmethods=4321 adapters=610
 compilation: enabled
              stopped_count=0, restarted_count=0
 full_count=0

Compilation events (20 events):
Event: 6.310 Thread 0x000001ee39ecbda0 nmethod 5063 0x000001ee22eab690 code [0x000001ee22eabb00, 0x000001ee22eadf70]
Event: 6.311 Thread 0x000001ee39ecbda0 5064       3       java.util.concurrent.ConcurrentLinkedDeque::newNode (18 bytes)
Event: 6.312 Thread 0x000001ee39ecbda0 nmethod 5064 0x000001ee22c2a610 code [0x000001ee22c2a840, 0x000001ee22c2b0d8]
Event: 6.325 Thread 0x000001ee39ecbda0 5065       3       org.springframework.core.convert.support.GenericConversionService$ConverterAdapter::<init> (41 bytes)
Event: 6.326 Thread 0x000001ee39ecbda0 nmethod 5065 0x000001ee22aba410 code [0x000001ee22aba640, 0x000001ee22abb250]
Event: 6.326 Thread 0x000001ee39ecbda0 5066       3       org.springframework.core.convert.support.GenericConversionService$ConverterAdapter::getConvertibleTypes (8 bytes)
Event: 6.326 Thread 0x000001ee39ecbda0 nmethod 5066 0x000001ee22bde690 code [0x000001ee22bde840, 0x000001ee22bdebf0]
Event: 6.387 Thread 0x000001ee39ecbda0 5067       3       java.lang.invoke.LambdaForm::<init> (13 bytes)
Event: 6.387 Thread 0x000001ee39ecbda0 nmethod 5067 0x000001ee22ac0190 code [0x000001ee22ac0320, 0x000001ee22ac0470]
Event: 6.422 Thread 0x000001ee39ecbda0 5069       3       java.util.regex.Pattern$CharProperty::<init> (10 bytes)
Event: 6.422 Thread 0x000001ee39ecbda0 nmethod 5069 0x000001ee22b35d90 code [0x000001ee22b35f20, 0x000001ee22b361c8]
Event: 6.440 Thread 0x000001ee39ecbda0 5070       3       java.util.stream.Streams$StreamBuilderImpl::tryAdvance (33 bytes)
Event: 6.441 Thread 0x000001ee39ecbda0 nmethod 5070 0x000001ee22ca3e10 code [0x000001ee22ca3fc0, 0x000001ee22ca4380]
Event: 6.447 Thread 0x000001ee39ecbda0 5071       3       java.util.stream.ReferencePipeline::findFirst (12 bytes)
Event: 6.447 Thread 0x000001ee39ecbda0 nmethod 5071 0x000001ee22add290 code [0x000001ee22add440, 0x000001ee22add6f0]
Event: 6.447 Thread 0x000001ee39ecbda0 5073       3       java.util.Optional::isPresent (13 bytes)
Event: 6.447 Thread 0x000001ee39ecbda0 nmethod 5073 0x000001ee22afa510 code [0x000001ee22afa6a0, 0x000001ee22afa810]
Event: 6.448 Thread 0x000001ee39ecbda0 5072       3       java.util.stream.FindOps$FindSink$OfRef$$Lambda$40/0x80000004e::get (8 bytes)
Event: 6.448 Thread 0x000001ee39ecbda0 nmethod 5072 0x000001ee22b61b10 code [0x000001ee22b61ca0, 0x000001ee22b61f28]
Event: 6.448 Thread 0x000001ee39ecbda0 5074   !   3       org.springframework.util.ReflectionUtils::getDeclaredFields (78 bytes)

GC Heap History (18 events):
Event: 0.877 GC heap before
{Heap before GC invocations=0 (full 0):
 garbage-first heap   total 260096K, used 20480K [0x0000000703e00000, 0x0000000800000000)
  region size 2048K, 11 young (22528K), 0 survivors (0K)
 Metaspace       used 5921K, committed 6144K, reserved 1114112K
  class space    used 662K, committed 768K, reserved 1048576K
}
Event: 0.881 GC heap after
{Heap after GC invocations=1 (full 0):
 garbage-first heap   total 260096K, used 7579K [0x0000000703e00000, 0x0000000800000000)
  region size 2048K, 2 young (4096K), 2 survivors (4096K)
 Metaspace       used 5921K, committed 6144K, reserved 1114112K
  class space    used 662K, committed 768K, reserved 1048576K
}
Event: 1.404 GC heap before
{Heap before GC invocations=1 (full 0):
 garbage-first heap   total 260096K, used 32155K [0x0000000703e00000, 0x0000000800000000)
  region size 2048K, 14 young (28672K), 2 survivors (4096K)
 Metaspace       used 11960K, committed 12288K, reserved 1114112K
  class space    used 1520K, committed 1664K, reserved 1048576K
}
Event: 1.409 GC heap after
{Heap after GC invocations=2 (full 0):
 garbage-first heap   total 260096K, used 9550K [0x0000000703e00000, 0x0000000800000000)
  region size 2048K, 2 young (4096K), 2 survivors (4096K)
 Metaspace       used 11960K, committed 12288K, reserved 1114112K
  class space    used 1520K, committed 1664K, reserved 1048576K
}
Event: 1.996 GC heap before
{Heap before GC invocations=2 (full 0):
 garbage-first heap   total 260096K, used 52558K [0x0000000703e00000, 0x0000000800000000)
  region size 2048K, 24 young (49152K), 2 survivors (4096K)
 Metaspace       used 21233K, committed 21504K, reserved 1114112K
  class space    used 2657K, committed 2752K, reserved 1048576K
}
Event: 2.001 GC heap after
{Heap after GC invocations=3 (full 0):
 garbage-first heap   total 260096K, used 13621K [0x0000000703e00000, 0x0000000800000000)
  region size 2048K, 4 young (8192K), 4 survivors (8192K)
 Metaspace       used 21233K, committed 21504K, reserved 1114112K
  class space    used 2657K, committed 2752K, reserved 1048576K
}
Event: 2.742 GC heap before
{Heap before GC invocations=4 (full 0):
 garbage-first heap   total 69632K, used 46389K [0x0000000703e00000, 0x0000000800000000)
  region size 2048K, 20 young (40960K), 4 survivors (8192K)
 Metaspace       used 25637K, committed 25984K, reserved 1114112K
  class space    used 3214K, committed 3392K, reserved 1048576K
}
Event: 2.749 GC heap after
{Heap after GC invocations=5 (full 0):
 garbage-first heap   total 69632K, used 16040K [0x0000000703e00000, 0x0000000800000000)
  region size 2048K, 2 young (4096K), 2 survivors (4096K)
 Metaspace       used 25637K, committed 25984K, reserved 1114112K
  class space    used 3214K, committed 3392K, reserved 1048576K
}
Event: 3.650 GC heap before
{Heap before GC invocations=5 (full 0):
 garbage-first heap   total 69632K, used 48808K [0x0000000703e00000, 0x0000000800000000)
  region size 2048K, 18 young (36864K), 2 survivors (4096K)
 Metaspace       used 32304K, committed 32896K, reserved 1114112K
  class space    used 4090K, committed 4352K, reserved 1048576K
}
Event: 3.657 GC heap after
{Heap after GC invocations=6 (full 0):
 garbage-first heap   total 69632K, used 19342K [0x0000000703e00000, 0x0000000800000000)
  region size 2048K, 3 young (6144K), 3 survivors (6144K)
 Metaspace       used 32304K, committed 32896K, reserved 1114112K
  class space    used 4090K, committed 4352K, reserved 1048576K
}
Event: 4.043 GC heap before
{Heap before GC invocations=6 (full 0):
 garbage-first heap   total 69632K, used 33678K [0x0000000703e00000, 0x0000000800000000)
  region size 2048K, 12 young (24576K), 3 survivors (6144K)
 Metaspace       used 35906K, committed 36416K, reserved 1114112K
  class space    used 4513K, committed 4736K, reserved 1048576K
}
Event: 4.050 GC heap after
{Heap after GC invocations=7 (full 0):
 garbage-first heap   total 69632K, used 20917K [0x0000000703e00000, 0x0000000800000000)
  region size 2048K, 1 young (2048K), 1 survivors (2048K)
 Metaspace       used 35906K, committed 36416K, reserved 1114112K
  class space    used 4513K, committed 4736K, reserved 1048576K
}
Event: 4.881 GC heap before
{Heap before GC invocations=8 (full 0):
 garbage-first heap   total 69632K, used 51637K [0x0000000703e00000, 0x0000000800000000)
  region size 2048K, 17 young (34816K), 1 survivors (2048K)
 Metaspace       used 44750K, committed 45248K, reserved 1114112K
  class space    used 5807K, committed 6016K, reserved 1048576K
}
Event: 4.884 GC heap after
{Heap after GC invocations=9 (full 0):
 garbage-first heap   total 69632K, used 22335K [0x0000000703e00000, 0x0000000800000000)
  region size 2048K, 2 young (4096K), 2 survivors (4096K)
 Metaspace       used 44750K, committed 45248K, reserved 1114112K
  class space    used 5807K, committed 6016K, reserved 1048576K
}
Event: 5.738 GC heap before
{Heap before GC invocations=9 (full 0):
 garbage-first heap   total 69632K, used 55103K [0x0000000703e00000, 0x0000000800000000)
  region size 2048K, 18 young (36864K), 2 survivors (4096K)
 Metaspace       used 54987K, committed 55616K, reserved 1114112K
  class space    used 7251K, committed 7552K, reserved 1048576K
}
Event: 5.746 GC heap after
{Heap after GC invocations=10 (full 0):
 garbage-first heap   total 69632K, used 23531K [0x0000000703e00000, 0x0000000800000000)
  region size 2048K, 2 young (4096K), 2 survivors (4096K)
 Metaspace       used 54987K, committed 55616K, reserved 1114112K
  class space    used 7251K, committed 7552K, reserved 1048576K
}
Event: 6.193 GC heap before
{Heap before GC invocations=10 (full 0):
 garbage-first heap   total 69632K, used 41963K [0x0000000703e00000, 0x0000000800000000)
  region size 2048K, 13 young (26624K), 2 survivors (4096K)
 Metaspace       used 60458K, committed 61120K, reserved 1114112K
  class space    used 8132K, committed 8448K, reserved 1048576K
}
Event: 6.198 GC heap after
{Heap after GC invocations=11 (full 0):
 garbage-first heap   total 69632K, used 25089K [0x0000000703e00000, 0x0000000800000000)
  region size 2048K, 2 young (4096K), 2 survivors (4096K)
 Metaspace       used 60458K, committed 61120K, reserved 1114112K
  class space    used 8132K, committed 8448K, reserved 1048576K
}

Dll operation events (14 events):
Event: 0.013 Loaded shared library C:\Program Files\Java\jdk-20\bin\java.dll
Event: 0.025 Loaded shared library C:\Program Files\Java\jdk-20\bin\jsvml.dll
Event: 0.161 Loaded shared library C:\Program Files\Java\jdk-20\bin\zip.dll
Event: 0.165 Loaded shared library C:\Program Files\Java\jdk-20\bin\instrument.dll
Event: 0.173 Loaded shared library C:\Program Files\Java\jdk-20\bin\net.dll
Event: 0.176 Loaded shared library C:\Program Files\Java\jdk-20\bin\nio.dll
Event: 0.180 Loaded shared library C:\Program Files\Java\jdk-20\bin\zip.dll
Event: 0.347 Loaded shared library C:\Program Files\JetBrains\IntelliJ IDEA Community Edition 2023.1.2\bin\breakgen64.dll
Event: 0.358 Loaded shared library C:\Program Files\Java\jdk-20\bin\extnet.dll
Event: 0.409 Loaded shared library C:\Program Files\Java\jdk-20\bin\jimage.dll
Event: 1.993 Loaded shared library C:\Program Files\Java\jdk-20\bin\sunmscapi.dll
Event: 3.607 Loaded shared library C:\Program Files\Java\jdk-20\bin\management.dll
Event: 3.608 Loaded shared library C:\Program Files\Java\jdk-20\bin\management_ext.dll
Event: 4.597 Loaded shared library C:\Program Files\Java\jdk-20\bin\verify.dll

Deoptimization events (20 events):
Event: 6.188 Thread 0x000001ee1a9bf690 Uncommon trap: trap_request=0xfffffff4 fr.pc=0x000001ee2a591220 relative=0x00000000000002a0
Event: 6.188 Thread 0x000001ee1a9bf690 Uncommon trap: reason=null_check action=make_not_entrant pc=0x000001ee2a591220 method=sun.invoke.util.VerifyType.isNullConversion(Ljava/lang/Class;Ljava/lang/Class;Z)Z @ 67 c2
Event: 6.188 Thread 0x000001ee1a9bf690 DEOPT PACKING pc=0x000001ee2a591220 sp=0x000000e8601fc980
Event: 6.189 Thread 0x000001ee1a9bf690 DEOPT UNPACKING pc=0x000001ee29fad2a2 sp=0x000000e8601fc900 mode 2
Event: 6.189 Thread 0x000001ee1a9bf690 Uncommon trap: trap_request=0xffffff45 fr.pc=0x000001ee2a7dee68 relative=0x00000000000000c8
Event: 6.189 Thread 0x000001ee1a9bf690 Uncommon trap: reason=unstable_if action=reinterpret pc=0x000001ee2a7dee68 method=java.lang.reflect.Method.equals(Ljava/lang/Object;)Z @ 45 c2
Event: 6.189 Thread 0x000001ee1a9bf690 DEOPT PACKING pc=0x000001ee2a7dee68 sp=0x000000e8601fca60
Event: 6.189 Thread 0x000001ee1a9bf690 DEOPT UNPACKING pc=0x000001ee29fad2a2 sp=0x000000e8601fc9e8 mode 2
Event: 6.205 Thread 0x000001ee1a9bf690 Uncommon trap: trap_request=0xffffff45 fr.pc=0x000001ee2a70d7fc relative=0x00000000000000dc
Event: 6.205 Thread 0x000001ee1a9bf690 Uncommon trap: reason=unstable_if action=reinterpret pc=0x000001ee2a70d7fc method=org.springframework.core.ResolvableType.resolveClass()Ljava/lang/Class; @ 38 c2
Event: 6.205 Thread 0x000001ee1a9bf690 DEOPT PACKING pc=0x000001ee2a70d7fc sp=0x000000e8601fcba0
Event: 6.205 Thread 0x000001ee1a9bf690 DEOPT UNPACKING pc=0x000001ee29fad2a2 sp=0x000000e8601fcb18 mode 2
Event: 6.210 Thread 0x000001ee1a9bf690 Uncommon trap: trap_request=0xffffff45 fr.pc=0x000001ee2a58dfb4 relative=0x0000000000000234
Event: 6.210 Thread 0x000001ee1a9bf690 Uncommon trap: reason=unstable_if action=reinterpret pc=0x000001ee2a58dfb4 method=java.util.ArrayDeque.addLast(Ljava/lang/Object;)V @ 42 c2
Event: 6.210 Thread 0x000001ee1a9bf690 DEOPT PACKING pc=0x000001ee2a58dfb4 sp=0x000000e8601fd520
Event: 6.210 Thread 0x000001ee1a9bf690 DEOPT UNPACKING pc=0x000001ee29fad2a2 sp=0x000000e8601fd478 mode 2
Event: 6.270 Thread 0x000001ee1a9bf690 Uncommon trap: trap_request=0xffffff45 fr.pc=0x000001ee2a5bf4e8 relative=0x00000000000008c8
Event: 6.270 Thread 0x000001ee1a9bf690 Uncommon trap: reason=unstable_if action=reinterpret pc=0x000001ee2a5bf4e8 method=java.util.WeakHashMap.put(Ljava/lang/Object;Ljava/lang/Object;)Ljava/lang/Object; @ 146 c2
Event: 6.270 Thread 0x000001ee1a9bf690 DEOPT PACKING pc=0x000001ee2a5bf4e8 sp=0x000000e8601fc4e0
Event: 6.270 Thread 0x000001ee1a9bf690 DEOPT UNPACKING pc=0x000001ee29fad2a2 sp=0x000000e8601fc4b8 mode 2

Classes loaded (20 events):
Event: 5.786 Loading class java/util/AbstractList$SubList
Event: 5.787 Loading class java/util/AbstractList$SubList done
Event: 5.870 Loading class java/lang/foreign/ValueLayout
Event: 5.870 Loading class java/lang/foreign/MemoryLayout
Event: 5.870 Loading class java/lang/foreign/MemoryLayout done
Event: 5.870 Loading class java/lang/foreign/ValueLayout done
Event: 6.130 Loading class java/util/stream/ReduceOps$5
Event: 6.130 Loading class java/util/stream/ReduceOps$5 done
Event: 6.130 Loading class java/util/stream/ReduceOps$CountingSink$OfRef
Event: 6.130 Loading class java/util/stream/ReduceOps$CountingSink
Event: 6.130 Loading class java/util/stream/ReduceOps$CountingSink done
Event: 6.130 Loading class java/util/stream/ReduceOps$CountingSink$OfRef done
Event: 6.141 Loading class sun/security/provider/SecureRandom
Event: 6.141 Loading class sun/security/provider/SecureRandom done
Event: 6.171 Loading class javax/naming/Reference
Event: 6.171 Loading class javax/naming/Reference done
Event: 6.193 Loading class java/lang/SafeVarargs
Event: 6.193 Loading class java/lang/SafeVarargs done
Event: 6.203 Loading class sun/reflect/generics/reflectiveObjects/GenericArrayTypeImpl
Event: 6.203 Loading class sun/reflect/generics/reflectiveObjects/GenericArrayTypeImpl done

Classes unloaded (0 events):
No events

Classes redefined (0 events):
No events

Internal exceptions (20 events):
Event: 5.997 Thread 0x000001ee1a9bf690 Exception <a 'java/lang/NoSuchMethodError'{0x0000000710539450}: 'void java.lang.invoke.DirectMethodHandle$Holder.invokeSpecial(java.lang.Object, java.lang.Object, java.lang.Object, java.lang.Object, java.lang.Object, java.lang.Object, java.lang.Object, java.lang.Object)'> (0x0000000710539450) 
thrown [s\open\src\hotspot\share\interpreter\linkResolver.cpp, line 773]
Event: 6.001 Thread 0x000001ee1a9bf690 Exception <a 'java/lang/NoSuchMethodError'{0x0000000710573b78}: 'void java.lang.invoke.DirectMethodHandle$Holder.invokeSpecial(java.lang.Object, java.lang.Object, int, java.lang.Object)'> (0x0000000710573b78) 
thrown [s\open\src\hotspot\share\interpreter\linkResolver.cpp, line 773]
Event: 6.001 Thread 0x000001ee1a9bf690 Exception <a 'java/lang/NoSuchMethodError'{0x000000071057a718}: 'java.lang.Object java.lang.invoke.DirectMethodHandle$Holder.newInvokeSpecial(java.lang.Object, java.lang.Object, int)'> (0x000000071057a718) 
thrown [s\open\src\hotspot\share\interpreter\linkResolver.cpp, line 773]
Event: 6.002 Thread 0x000001ee1a9bf690 Exception <a 'java/lang/NoSuchMethodError'{0x000000071057f6f8}: 'void java.lang.invoke.DirectMethodHandle$Holder.invokeStatic(java.lang.Object, java.lang.Object, java.lang.Object, java.lang.Object, int, java.lang.Object)'> (0x000000071057f6f8) 
thrown [s\open\src\hotspot\share\interpreter\linkResolver.cpp, line 773]
Event: 6.023 Thread 0x000001ee1a9bf690 Exception <a 'java/lang/NoSuchMethodError'{0x00000007074d3a00}: 'int java.lang.invoke.DirectMethodHandle$Holder.invokeStatic(java.lang.Object, int, java.lang.Object)'> (0x00000007074d3a00) 
thrown [s\open\src\hotspot\share\interpreter\linkResolver.cpp, line 773]
Event: 6.025 Thread 0x000001ee1a9bf690 Exception <a 'java/lang/NoSuchMethodError'{0x00000007074fd8a8}: 'java.lang.Object java.lang.invoke.DirectMethodHandle$Holder.newInvokeSpecial(java.lang.Object, java.lang.Object, java.lang.Object, java.lang.Object, java.lang.Object, int, java.lang.Object)'> (0x00000007074fd8a8) 
thrown [s\open\src\hotspot\share\interpreter\linkResolver.cpp, line 773]
Event: 6.028 Thread 0x000001ee1a9bf690 Exception <a 'java/lang/NoSuchMethodError'{0x0000000707530cb0}: 'java.lang.Object java.lang.invoke.DirectMethodHandle$Holder.newInvokeSpecial(java.lang.Object, java.lang.Object, java.lang.Object, java.lang.Object, java.lang.Object, java.lang.Object, java.lang.Object, java.lang.Object, java.lang.Object, java.lang.Object, java.lang.Object, java.lang.Object)'> (0x0000000707530cb0) 
thrown [s\open\src\hotspot\share\interpreter\linkResolver.cpp, line 773]
Event: 6.028 Thread 0x000001ee1a9bf690 Exception <a 'java/lang/NoSuchMethodError'{0x0000000707535548}: 'java.lang.Object java.lang.invoke.DirectMethodHandle$Holder.invokeSpecial(java.lang.Object, java.lang.Object, java.lang.Object, java.lang.Object, java.lang.Object, java.lang.Object, java.lang.Object, java.lang.Object, java.lang.Object, java.lang.Object, java.lang.Object, java.lang.Object, java.lang.Object)'> (0x0000000707535548) 
thrown [s\open\src\hotspot\share\interpreter\linkResolver.cpp, line 773]
Event: 6.028 Thread 0x000001ee1a9bf690 Exception <a 'java/lang/NoSuchMethodError'{0x0000000707539a20}: 'java.lang.Object java.lang.invoke.Invokers$Holder.linkToTargetMethod(java.lang.Object, java.lang.Object, java.lang.Object, java.lang.Object, java.lang.Object, java.lang.Object, java.lang.Object, java.lang.Object, java.lang.Object, java.lang.Object, java.lang.Object, java.lang.Object)'> (0x0000000707539a20) 
thrown [s\open\src\hotspot\share\interpreter\linkResolver.cpp, line 773]
Event: 6.039 Thread 0x000001ee1a9bf690 Exception <a 'java/lang/IncompatibleClassChangeError'{0x00000007075df1d0}: Found class java.lang.Object, but interface was expected> (0x00000007075df1d0) 
thrown [s\open\src\hotspot\share\interpreter\linkResolver.cpp, line 840]
Event: 6.052 Thread 0x000001ee1a9bf690 Exception <a 'java/lang/IncompatibleClassChangeError'{0x00000007072b6098}: Found class java.lang.Object, but interface was expected> (0x00000007072b6098) 
thrown [s\open\src\hotspot\share\interpreter\linkResolver.cpp, line 840]
Event: 6.067 Thread 0x000001ee1a9bf690 Exception <a 'java/lang/NoSuchMethodError'{0x00000007073502e0}: 'java.lang.Object java.lang.invoke.DirectMethodHandle$Holder.newInvokeSpecial(java.lang.Object, java.lang.Object, int, java.lang.Object, int, java.lang.Object, java.lang.Object)'> (0x00000007073502e0) 
thrown [s\open\src\hotspot\share\interpreter\linkResolver.cpp, line 773]
Event: 6.073 Thread 0x000001ee1a9bf690 Exception <a 'java/lang/NoSuchMethodError'{0x00000007073bf568}: 'java.lang.Object java.lang.invoke.DirectMethodHandle$Holder.newInvokeSpecial(java.lang.Object, java.lang.Object, java.lang.Object, java.lang.Object, java.lang.Object, java.lang.Object, java.lang.Object, int)'> (0x00000007073bf568) 
thrown [s\open\src\hotspot\share\interpreter\linkResolver.cpp, line 773]
Event: 6.073 Thread 0x000001ee1a9bf690 Exception <a 'java/lang/NoSuchMethodError'{0x00000007073c3ac8}: 'java.lang.Object java.lang.invoke.DirectMethodHandle$Holder.invokeSpecial(java.lang.Object, java.lang.Object, java.lang.Object, java.lang.Object, java.lang.Object, java.lang.Object, java.lang.Object, java.lang.Object, int)'> (0x00000007073c3ac8) 
thrown [s\open\src\hotspot\share\interpreter\linkResolver.cpp, line 773]
Event: 6.073 Thread 0x000001ee1a9bf690 Exception <a 'java/lang/NoSuchMethodError'{0x00000007073c7ae0}: 'java.lang.Object java.lang.invoke.Invokers$Holder.linkToTargetMethod(java.lang.Object, java.lang.Object, java.lang.Object, java.lang.Object, java.lang.Object, java.lang.Object, int, java.lang.Object)'> (0x00000007073c7ae0) 
thrown [s\open\src\hotspot\share\interpreter\linkResolver.cpp, line 773]
Event: 6.086 Thread 0x000001ee1a9bf690 Exception <a 'java/lang/NoSuchMethodError'{0x0000000707073ff0}: 'void java.lang.invoke.DirectMethodHandle$Holder.invokeInterface(java.lang.Object, java.lang.Object)'> (0x0000000707073ff0) 
thrown [s\open\src\hotspot\share\interpreter\linkResolver.cpp, line 773]
Event: 6.175 Thread 0x000001ee1a9bf690 Exception <a 'java/lang/NoSuchMethodError'{0x0000000706c6f790}: 'void java.lang.invoke.Invokers$Holder.invokeExact_MT(java.lang.Object, java.lang.Object, java.lang.Object, java.lang.Object)'> (0x0000000706c6f790) 
thrown [s\open\src\hotspot\share\interpreter\linkResolver.cpp, line 773]
Event: 6.188 Thread 0x000001ee1a9bf690 Implicit null exception at 0x000001ee2a59102f to 0x000001ee2a59120c
Event: 6.269 Thread 0x000001ee1a9bf690 Exception <a 'java/lang/IncompatibleClassChangeError'{0x000000071390e850}: Found class java.lang.Object, but interface was expected> (0x000000071390e850) 
thrown [s\open\src\hotspot\share\interpreter\linkResolver.cpp, line 840]
Event: 6.318 Thread 0x000001ee1a9bf690 Exception <a 'java/lang/IncompatibleClassChangeError'{0x0000000710a93738}: Found class java.lang.Object, but interface was expected> (0x0000000710a93738) 
thrown [s\open\src\hotspot\share\interpreter\linkResolver.cpp, line 840]

VM Operations (20 events):
Event: 4.335 Executing VM operation: HandshakeAllThreads
Event: 4.336 Executing VM operation: HandshakeAllThreads done
Event: 4.880 Executing VM operation: G1CollectForAllocation
Event: 4.884 Executing VM operation: G1CollectForAllocation done
Event: 5.735 Executing VM operation: HandshakeAllThreads
Event: 5.735 Executing VM operation: HandshakeAllThreads done
Event: 5.738 Executing VM operation: G1CollectForAllocation
Event: 5.746 Executing VM operation: G1CollectForAllocation done
Event: 5.748 Executing VM operation: HandshakeAllThreads
Event: 5.748 Executing VM operation: HandshakeAllThreads done
Event: 5.860 Executing VM operation: HandshakeAllThreads
Event: 5.860 Executing VM operation: HandshakeAllThreads done
Event: 6.151 Executing VM operation: ICBufferFull
Event: 6.151 Executing VM operation: ICBufferFull done
Event: 6.193 Executing VM operation: CollectForMetadataAllocation
Event: 6.201 Executing VM operation: CollectForMetadataAllocation done
Event: 6.221 Executing VM operation: G1PauseRemark
Event: 6.225 Executing VM operation: G1PauseRemark done
Event: 6.234 Executing VM operation: G1PauseCleanup
Event: 6.236 Executing VM operation: G1PauseCleanup done

Events (20 events):
Event: 6.224 Thread 0x000001ee39e98720 flushing nmethod 0x000001ee2a676390
Event: 6.224 Thread 0x000001ee39e98720 flushing nmethod 0x000001ee2a690a90
Event: 6.224 Thread 0x000001ee39e98720 flushing nmethod 0x000001ee2a671910
Event: 6.224 Thread 0x000001ee39e98720 flushing nmethod 0x000001ee2a643b10
Event: 6.224 Thread 0x000001ee39e98720 flushing nmethod 0x000001ee2a638310
Event: 6.224 Thread 0x000001ee39e98720 flushing nmethod 0x000001ee2a5f5490
Event: 6.224 Thread 0x000001ee39e98720 flushing nmethod 0x000001ee2a62d990
Event: 6.224 Thread 0x000001ee39e98720 flushing nmethod 0x000001ee2a632f90
Event: 6.224 Thread 0x000001ee39e98720 flushing nmethod 0x000001ee2a5e8e10
Event: 6.224 Thread 0x000001ee39e98720 flushing nmethod 0x000001ee2a61c790
Event: 6.224 Thread 0x000001ee39e98720 flushing nmethod 0x000001ee2a5e7710
Event: 6.224 Thread 0x000001ee39e98720 flushing nmethod 0x000001ee2a603f90
Event: 6.224 Thread 0x000001ee39e98720 flushing nmethod 0x000001ee2a5d3b90
Event: 6.224 Thread 0x000001ee39e98720 flushing nmethod 0x000001ee2a5c0790
Event: 6.224 Thread 0x000001ee39e98720 flushing nmethod 0x000001ee2a5bfc90
Event: 6.224 Thread 0x000001ee39e98720 flushing nmethod 0x000001ee2a5d8590
Event: 6.224 Thread 0x000001ee39e98720 flushing nmethod 0x000001ee2a592110
Event: 6.224 Thread 0x000001ee39e98720 flushing nmethod 0x000001ee2a555810
Event: 6.224 Thread 0x000001ee39e98720 flushing nmethod 0x000001ee2a540110
Event: 6.251 Thread 0x000001ee3f08e390 Thread added: 0x000001ee3f08e390


Dynamic libraries:
0x00007ff6bc9b0000 - 0x00007ff6bc9c0000 	C:\Program Files\Java\jdk-20\bin\java.exe
0x00007fff9ac10000 - 0x00007fff9ae27000 	C:\WINDOWS\SYSTEM32\ntdll.dll
0x00007fff9a030000 - 0x00007fff9a0f4000 	C:\WINDOWS\System32\KERNEL32.DLL
0x00007fff980b0000 - 0x00007fff98480000 	C:\WINDOWS\System32\KERNELBASE.dll
0x00007fff985a0000 - 0x00007fff986b1000 	C:\WINDOWS\System32\ucrtbase.dll
0x00007fff78430000 - 0x00007fff7844b000 	C:\Program Files\Java\jdk-20\bin\VCRUNTIME140.dll
0x00007fff78410000 - 0x00007fff78429000 	C:\Program Files\Java\jdk-20\bin\jli.dll
0x00007fff9a1d0000 - 0x00007fff9a281000 	C:\WINDOWS\System32\ADVAPI32.dll
0x00007fff99d50000 - 0x00007fff99df7000 	C:\WINDOWS\System32\msvcrt.dll
0x00007fff99f80000 - 0x00007fff9a027000 	C:\WINDOWS\System32\sechost.dll
0x00007fff986c0000 - 0x00007fff986e8000 	C:\WINDOWS\System32\bcrypt.dll
0x00007fff9aab0000 - 0x00007fff9abc4000 	C:\WINDOWS\System32\RPCRT4.dll
0x00007fff9a290000 - 0x00007fff9a43e000 	C:\WINDOWS\System32\USER32.dll
0x00007fff986f0000 - 0x00007fff98716000 	C:\WINDOWS\System32\win32u.dll
0x00007fff83ba0000 - 0x00007fff83e32000 	C:\WINDOWS\WinSxS\amd64_microsoft.windows.common-controls_6595b64144ccf1df_6.0.22621.4830_none_270fe7d773858e80\COMCTL32.dll
0x00007fff999a0000 - 0x00007fff999c9000 	C:\WINDOWS\System32\GDI32.dll
0x00007fff98480000 - 0x00007fff9859b000 	C:\WINDOWS\System32\gdi32full.dll
0x00007fff987e0000 - 0x00007fff9887a000 	C:\WINDOWS\System32\msvcp_win.dll
0x00007fff8fd40000 - 0x00007fff8fd4a000 	C:\WINDOWS\SYSTEM32\VERSION.dll
0x00007fff98ef0000 - 0x00007fff98f21000 	C:\WINDOWS\System32\IMM32.DLL
0x00007fff90460000 - 0x00007fff9046c000 	C:\Program Files\Java\jdk-20\bin\vcruntime140_1.dll
0x00007fff677b0000 - 0x00007fff6783e000 	C:\Program Files\Java\jdk-20\bin\msvcp140.dll
0x00007fff0c3c0000 - 0x00007fff0d057000 	C:\Program Files\Java\jdk-20\bin\server\jvm.dll
0x00007fff71880000 - 0x00007fff71889000 	C:\WINDOWS\SYSTEM32\WSOCK32.dll
0x00007fff921e0000 - 0x00007fff92214000 	C:\WINDOWS\SYSTEM32\WINMM.dll
0x00007fff98e10000 - 0x00007fff98e81000 	C:\WINDOWS\System32\WS2_32.dll
0x00007fff96ed0000 - 0x00007fff96ee8000 	C:\WINDOWS\SYSTEM32\kernel.appcore.dll
0x00007fff787c0000 - 0x00007fff787ca000 	C:\Program Files\Java\jdk-20\bin\jimage.dll
0x00007fff95430000 - 0x00007fff95662000 	C:\WINDOWS\SYSTEM32\DBGHELP.DLL
0x00007fff9a550000 - 0x00007fff9a8e0000 	C:\WINDOWS\System32\combase.dll
0x00007fff9a460000 - 0x00007fff9a537000 	C:\WINDOWS\System32\OLEAUT32.dll
0x00007fff7c460000 - 0x00007fff7c492000 	C:\WINDOWS\SYSTEM32\dbgcore.DLL
0x00007fff97ec0000 - 0x00007fff97f3b000 	C:\WINDOWS\System32\bcryptPrimitives.dll
0x00007fff78400000 - 0x00007fff7840e000 	C:\Program Files\Java\jdk-20\bin\instrument.dll
0x00007fff754a0000 - 0x00007fff754c6000 	C:\Program Files\Java\jdk-20\bin\java.dll
0x00007fff67550000 - 0x00007fff67627000 	C:\Program Files\Java\jdk-20\bin\jsvml.dll
0x00007fff99090000 - 0x00007fff99908000 	C:\WINDOWS\System32\SHELL32.dll
0x00007fff95dc0000 - 0x00007fff966d0000 	C:\WINDOWS\SYSTEM32\windows.storage.dll
0x00007fff95c80000 - 0x00007fff95dbf000 	C:\WINDOWS\SYSTEM32\wintypes.dll
0x00007fff99e70000 - 0x00007fff99f7a000 	C:\WINDOWS\System32\SHCORE.dll
0x00007fff98e90000 - 0x00007fff98eee000 	C:\WINDOWS\System32\shlwapi.dll
0x00007fff97df0000 - 0x00007fff97e1b000 	C:\WINDOWS\SYSTEM32\profapi.dll
0x00007fff72bc0000 - 0x00007fff72bd8000 	C:\Program Files\Java\jdk-20\bin\zip.dll
0x00007fff75b40000 - 0x00007fff75b53000 	C:\Program Files\Java\jdk-20\bin\net.dll
0x00007fff93ac0000 - 0x00007fff93bec000 	C:\WINDOWS\SYSTEM32\WINHTTP.dll
0x00007fff97380000 - 0x00007fff973ea000 	C:\WINDOWS\system32\mswsock.dll
0x00007fff72f30000 - 0x00007fff72f46000 	C:\Program Files\Java\jdk-20\bin\nio.dll
0x00007fff72ba0000 - 0x00007fff72bba000 	C:\Program Files\JetBrains\IntelliJ IDEA Community Edition 2023.1.2\bin\breakgen64.dll
0x00007fff72f20000 - 0x00007fff72f27000 	C:\Program Files\Java\jdk-20\bin\extnet.dll
0x00007fff75440000 - 0x00007fff7544e000 	C:\Program Files\Java\jdk-20\bin\sunmscapi.dll
0x00007fff97f40000 - 0x00007fff980a6000 	C:\WINDOWS\System32\CRYPT32.dll
0x00007fff97790000 - 0x00007fff977bd000 	C:\WINDOWS\SYSTEM32\ncrypt.dll
0x00007fff97750000 - 0x00007fff97787000 	C:\WINDOWS\SYSTEM32\NTASN1.dll
0x00007fff975d0000 - 0x00007fff975eb000 	C:\WINDOWS\SYSTEM32\CRYPTSP.dll
0x00007fff96e30000 - 0x00007fff96e65000 	C:\WINDOWS\system32\rsaenh.dll
0x00007fff97470000 - 0x00007fff97498000 	C:\WINDOWS\SYSTEM32\USERENV.dll
0x00007fff975f0000 - 0x00007fff975fc000 	C:\WINDOWS\SYSTEM32\CRYPTBASE.dll
0x00007fff96930000 - 0x00007fff9695d000 	C:\WINDOWS\SYSTEM32\IPHLPAPI.DLL
0x00007fff99e60000 - 0x00007fff99e69000 	C:\WINDOWS\System32\NSI.dll
0x00007fff925b0000 - 0x00007fff925c9000 	C:\WINDOWS\SYSTEM32\dhcpcsvc6.DLL
0x00007fff92440000 - 0x00007fff9245f000 	C:\WINDOWS\SYSTEM32\dhcpcsvc.DLL
0x00007fff969a0000 - 0x00007fff96aa2000 	C:\WINDOWS\SYSTEM32\DNSAPI.dll
0x00007fff761a0000 - 0x00007fff761aa000 	C:\Program Files\Java\jdk-20\bin\management.dll
0x00007fff75480000 - 0x00007fff7548b000 	C:\Program Files\Java\jdk-20\bin\management_ext.dll
0x00007fff9a540000 - 0x00007fff9a548000 	C:\WINDOWS\System32\PSAPI.DLL
0x00007fff76480000 - 0x00007fff76490000 	C:\Program Files\Java\jdk-20\bin\verify.dll

dbghelp: loaded successfully - version: 4.0.5 - missing functions: none
symbol engine: initialized successfully - sym options: 0x614 - pdb path: .;C:\Program Files\Java\jdk-20\bin;C:\WINDOWS\SYSTEM32;C:\WINDOWS\WinSxS\amd64_microsoft.windows.common-controls_6595b64144ccf1df_6.0.22621.4830_none_270fe7d773858e80;C:\Program Files\Java\jdk-20\bin\server;C:\Program Files\JetBrains\IntelliJ IDEA Community Edition 2023.1.2\bin

VM Arguments:
jvm_args: -javaagent:C:\Program Files\JetBrains\IntelliJ IDEA Community Edition 2023.1.2\lib\idea_rt.jar=53968:C:\Program Files\JetBrains\IntelliJ IDEA Community Edition 2023.1.2\bin -Dfile.encoding=UTF-8 -Dsun.stdout.encoding=UTF-8 -Dsun.stderr.encoding=UTF-8 
java_command: com.project.paymentManagement.PaymentManagementApplication
java_class_path (initial): C:\Users\Ibrahim addou\Desktop\projet perso\paymentManagement\Backend\target\classes;C:\Users\Ibrahim addou\.m2\repository\org\springframework\boot\spring-boot-starter-data-jpa\3.4.2\spring-boot-starter-data-jpa-3.4.2.jar;C:\Users\Ibrahim addou\.m2\repository\org\springframework\boot\spring-boot-starter\3.4.2\spring-boot-starter-3.4.2.jar;C:\Users\Ibrahim addou\.m2\repository\org\springframework\boot\spring-boot\3.4.2\spring-boot-3.4.2.jar;C:\Users\Ibrahim addou\.m2\repository\org\springframework\boot\spring-boot-autoconfigure\3.4.2\spring-boot-autoconfigure-3.4.2.jar;C:\Users\Ibrahim addou\.m2\repository\org\springframework\boot\spring-boot-starter-logging\3.4.2\spring-boot-starter-logging-3.4.2.jar;C:\Users\Ibrahim addou\.m2\repository\ch\qos\logback\logback-classic\1.5.16\logback-classic-1.5.16.jar;C:\Users\Ibrahim addou\.m2\repository\ch\qos\logback\logback-core\1.5.16\logback-core-1.5.16.jar;C:\Users\Ibrahim addou\.m2\repository\org\apache\logging\log4j\log4j-to-slf4j\2.24.3\log4j-to-slf4j-2.24.3.jar;C:\Users\Ibrahim addou\.m2\repository\org\apache\logging\log4j\log4j-api\2.24.3\log4j-api-2.24.3.jar;C:\Users\Ibrahim addou\.m2\repository\org\slf4j\jul-to-slf4j\2.0.16\jul-to-slf4j-2.0.16.jar;C:\Users\Ibrahim addou\.m2\repository\jakarta\annotation\jakarta.annotation-api\2.1.1\jakarta.annotation-api-2.1.1.jar;C:\Users\Ibrahim addou\.m2\repository\org\yaml\snakeyaml\2.3\snakeyaml-2.3.jar;C:\Users\Ibrahim addou\.m2\repository\org\springframework\boot\spring-boot-starter-jdbc\3.4.2\spring-boot-starter-jdbc-3.4.2.jar;C:\Users\Ibrahim addou\.m2\repository\com\zaxxer\HikariCP\5.1.0\HikariCP-5.1.0.jar;C:\Users\Ibrahim addou\.m2\repository\org\springframework\spring-jdbc\6.2.2\spring-jdbc-6.2.2.jar;C:\Users\Ibrahim addou\.m2\repository\org\hibernate\orm\hibernate-core\6.6.5.Final\hibernate-core-6.6.5.Final.jar;C:\Users\Ibrahim addou\.m2\repository\jakarta\persistence\jakarta.persistence-api\3.1.0\jakarta.persistence-api-3.1.0.jar;C:\Users\Ibrahim addou\.m2\repository\jakarta\transaction\jakarta.transaction-api\2.0.1\jakarta.transaction-api-2.0.1.jar;C:\Users\Ibrahim addou\.m2\repository\org\jboss\logging\jboss-logging\3.6.1.Final\jboss-logging-3.6.1.Final.jar;C:\Users\Ibrahim addou\.m2\repository\org\hibernate\common\hibernate-commons-annotations\7.0.3.Final\hibernate-commons-annotations-7.0.3.Final.jar;C:\Users\Ibrahim addou\.m2\repository\io\smallrye\jandex\3.2.0\jandex-3.2.0.jar;C:\Users\Ibrahim addou\.m2\repository\com\fasterxml\classmate\1.7.0\classmate-1.7.0.jar;C:\Users\Ibrahim addou\.m2\repository\net\bytebuddy\byte-buddy\1.15.11\byte-buddy-1.15.11.jar;C:\Users\Ibrahim addou\.m2\repository\org\glassfish\jaxb\jaxb-runtime\4.0.5\jaxb-runtime-4.0.5.jar;C:\Users\Ibrahim addou\.m2\repository\org\glassfish\jaxb\jaxb-core\4.0.5\jaxb-core-4.0.5.jar;C:\Users\Ibrahim addou\.m2\repository\org\eclipse\angus\angus-activation\2.0.2\angus-activation-2.0.2.jar;C:\Users\Ibrahim addou\.m2\repository\org\glassfish\jaxb\txw2\4.0.5\txw2-4.0.5.jar;C:\Users\Ibrahim addou\.m2\repository\com\sun\istack\istack-commons-runtime\4.1.2\istack-commons-runtime-4.1.2.jar;C:\Users\Ibrahim addou\.m2\repository\jakarta\inject\jakarta.inject-api\2.0.1\jakarta.inject-api-2.0.1.jar;C:\Users\Ibrahim addou\.m2\repository\org\antlr\antlr4-runtime\4.13.0\antlr4-runtime-4.13.0.jar;C:\Users\Ibrahim addou\.m2\repository\org\springframework\data\spring-data-jpa\3.4.2\spring-data-jpa-3.4.2.jar;C:\Users\Ibrahim addou\.m2\repository\org\springframework\data\spring-data-commons\3.4.2\spring-data-commons-3.4.2.jar;C:\Users\Ibrahim addou\.m2\repository\org\springframework\spring-orm\6.2.2\spring-orm-6.2.2.jar;C:\Users\Ibrahim addou\.m2\repository\org\springframework\spring-context\6.2.2\spring-context-6.2.2.jar;C:\Users\Ibrahim addou\.m2\repository\org\springframework\spring-aop\6.2.2\spring-aop-6.2.2.jar;C:\Users\Ibrahim addou\.m2\repository\org\springframework\spring-tx\6.2.2\spring-tx-6.2.2.jar;C:\Users\Ibrahim addou\.m2\repository\org\springframework\spring-beans\6.2.2\spring-beans-6.2.2.jar;C:\Users\Ibrahim addou\.m2\repository\org\slf4j\slf4j-api\2.0.16\slf4j-api-2.0.16.jar;C:\Users\Ibrahim addou\.m2\repository\org\springframework\spring-aspects\6.2.2\spring-aspects-6.2.2.jar;C:\Users\Ibrahim addou\.m2\repository\org\aspectj\aspectjweaver\1.9.22.1\aspectjweaver-1.9.22.1.jar;C:\Users\Ibrahim addou\.m2\repository\org\springframework\boot\spring-boot-starter-web\3.4.2\spring-boot-starter-web-3.4.2.jar;C:\Users\Ibrahim addou\.m2\repository\org\springframework\boot\spring-boot-starter-json\3.4.2\spring-boot-starter-json-3.4.2.jar;C:\Users\Ibrahim addou\.m2\repository\com\fasterxml\jackson\core\jackson-databind\2.18.2\jackson-databind-2.18.2.jar;C:\Users\Ibrahim addou\.m2\repository\com\fasterxml\jackson\core\jackson-annotations\2.18.2\jackson-annotations-2.18.2.jar;C:\Users\Ibrahim addou\.m2\repository\com\fasterxml\jackson\core\jackson-core\2.18.2\jackson-core-2.18.2.jar;C:\Users\Ibrahim addou\.m2\repository\com\fasterxml\jackson\datatype\jackson-datatype-jdk8\2.18.2\jackson-datatype-jdk8-2.18.2.jar;C:\Users\Ibrahim addou\.m2\repository\com\fasterxml\jackson\datatype\jackson-datatype-jsr310\2.18.2\jackson-datatype-jsr310-2.18.2.jar;C:\Users\Ibrahim addou\.m2\repository\com\fasterxml\jackson\module\jackson-module-parameter-names\2.18.2\jackson-module-parameter-names-2.18.2.jar;C:\Users\Ibrahim addou\.m2\repository\org\springframework\boot\spring-boot-starter-tomcat\3.4.2\spring-boot-starter-tomcat-3.4.2.jar;C:\Users\Ibrahim addou\.m2\repository\org\apache\tomcat\embed\tomcat-embed-core\10.1.34\tomcat-embed-core-10.1.34.jar;C:\Users\Ibrahim addou\.m2\repository\org\apache\tomcat\embed\tomcat-embed-websocket\10.1.34\tomcat-embed-websocket-10.1.34.jar;C:\Users\Ibrahim addou\.m2\repository\org\springframework\spring-web\6.2.2\spring-web-6.2.2.jar;C:\Users\Ibrahim addou\.m2\repository\io\micrometer\micrometer-observation\1.14.3\micrometer-observation-1.14.3.jar;C:\Users\Ibrahim addou\.m2\repository\io\micrometer\micrometer-commons\1.14.3\micrometer-commons-1.14.3.jar;C:\Users\Ibrahim addou\.m2\repository\org\springframework\spring-webmvc\6.2.2\spring-webmvc-6.2.2.jar;C:\Users\Ibrahim addou\.m2\repository\org\springframework\spring-expression\6.2.2\spring-expression-6.2.2.jar;C:\Users\Ibrahim addou\.m2\repository\com\h2database\h2\2.3.232\h2-2.3.232.jar;C:\Users\Ibrahim addou\.m2\repository\org\projectlombok\lombok\1.18.36\lombok-1.18.36.jar;C:\Users\Ibrahim addou\.m2\repository\jakarta\xml\bind\jakarta.xml.bind-api\4.0.2\jakarta.xml.bind-api-4.0.2.jar;C:\Users\Ibrahim addou\.m2\repository\jakarta\activation\jakarta.activation-api\2.1.3\jakarta.activation-api-2.1.3.jar;C:\Users\Ibrahim addou\.m2\repository\org\springframework\spring-core\6.2.2\spring-core-6.2.2.jar;C:\Users\Ibrahim addou\.m2\repository\org\springframework\spring-jcl\6.2.2\spring-jcl-6.2.2.jar;C:\Users\Ibrahim addou\.m2\repository\org\springframework\boot\spring-boot-starter-validation\3.0.2\spring-boot-starter-validation-3.0.2.jar;C:\Users\Ibrahim addou\.m2\repository\org\apache\tomcat\embed\tomcat-embed-el\10.1.34\tomcat-embed-el-10.1.34.jar;C:\Users\Ibrahim addou\.m2\repository\org\hibernate\validator\hibernate-validator\8.0.2.Final\hibernate-validator-8.0.2.Final.jar;C:\Users\Ibrahim addou\.m2\repository\jakarta\validation\jakarta.validation-api\3.0.2\jakarta.validation-api-3.0.2.jar;C:\Users\Ibrahim addou\.m2\repository\org\springdoc\springdoc-openapi-starter-webmvc-api\2.8.5\springdoc-openapi-starter-webmvc-api-2.8.5.jar;C:\Users\Ibrahim addou\.m2\repository\org\springdoc\springdoc-openapi-starter-common\2.8.5\springdoc-openapi-starter-common-2.8.5.jar;C:\Users\Ibrahim addou\.m2\repository\io\swagger\core\v3\swagger-core-jakarta\2.2.28\swagger-core-jakarta-2.2.28.jar;C:\Users\Ibrahim addou\.m2\repository\org\apache\commons\commons-lang3\3.17.0\commons-lang3-3.17.0.jar;C:\Users\Ibrahim addou\.m2\repository\io\swagger\core\v3\swagger-annotations-jakarta\2.2.28\swagger-annotations-jakarta-2.2.28.jar;C:\Users\Ibrahim addou\.m2\repository\io\swagger\core\v3\swagger-models-jakarta\2.2.28\swagger-models-jakarta-2.2.28.jar;C:\Users\Ibrahim addou\.m2\repository\com\fasterxml\jackson\dataformat\jackson-dataformat-yaml\2.18.2\jackson-dataformat-yaml-2.18.2.jar;C:\Users\Ibrahim addou\.m2\repository\org\springdoc\springdoc-openapi-starter-webmvc-ui\2.8.5\springdoc-openapi-starter-webmvc-ui-2.8.5.jar;C:\Users\Ibrahim addou\.m2\repository\org\webjars\swagger-ui\5.18.3\swagger-ui-5.18.3.jar;C:\Users\Ibrahim addou\.m2\repository\org\webjars\webjars-locator-lite\1.0.1\webjars-locator-lite-1.0.1.jar;C:\Users\Ibrahim addou\.m2\repository\org\jspecify\jspecify\1.0.0\jspecify-1.0.0.jar
Launcher Type: SUN_STANDARD

[Global flags]
     intx CICompilerCount                          = 4                                         {product} {ergonomic}
     uint ConcGCThreads                            = 2                                         {product} {ergonomic}
     uint G1ConcRefinementThreads                  = 8                                         {product} {ergonomic}
   size_t G1HeapRegionSize                         = 2097152                                   {product} {ergonomic}
    uintx GCDrainStackTargetSize                   = 64                                        {product} {ergonomic}
   size_t InitialHeapSize                          = 266338304                                 {product} {ergonomic}
   size_t MarkStackSize                            = 4194304                                   {product} {ergonomic}
   size_t MaxHeapSize                              = 4229955584                                {product} {ergonomic}
   size_t MaxNewSize                               = 2537553920                                {product} {ergonomic}
   size_t MinHeapDeltaBytes                        = 2097152                                   {product} {ergonomic}
   size_t MinHeapSize                              = 8388608                                   {product} {ergonomic}
    uintx NonNMethodCodeHeapSize                   = 5839372                                {pd product} {ergonomic}
    uintx NonProfiledCodeHeapSize                  = 122909434                              {pd product} {ergonomic}
    uintx ProfiledCodeHeapSize                     = 122909434                              {pd product} {ergonomic}
    uintx ReservedCodeCacheSize                    = 251658240                              {pd product} {ergonomic}
     bool SegmentedCodeCache                       = true                                      {product} {ergonomic}
   size_t SoftMaxHeapSize                          = 4229955584                             {manageable} {ergonomic}
     bool UseCompressedClassPointers               = true                           {product lp64_product} {ergonomic}
     bool UseCompressedOops                        = true                           {product lp64_product} {ergonomic}
     bool UseG1GC                                  = true                                      {product} {ergonomic}
     bool UseLargePagesIndividualAllocation        = false                                  {pd product} {ergonomic}

Logging:
Log output configuration:
 #0: stdout all=warning uptime,level,tags foldmultilines=false
 #1: stderr all=off uptime,level,tags foldmultilines=false

Environment Variables:
JAVA_HOME=C:\AI2U\JDK
PATH=C:\Python312\Scripts\;C:\Python312\;C:\Program Files\Java\jre1.8.0_361\bin;C:\Program Files\Git\cmd;C:\ProgramData\chocolatey\bin;C:\Program Files\nodejs\;C:\Users\Ibrahim addou\AppData\Local\Programs\Python\Python38\Scripts\;C:\Users\Ibrahim addou\AppData\Local\Programs\Python\Python38\;C:\Users\Ibrahim addou\AppData\Local\Programs\Python\Python38;C:\Users\Ibrahim addou\AppData\Roaming\npm;C:\Users\Ibrahim addou\AppData\Local\Programs\Microsoft VS Code\bin;C:\Program Files\PostgreSQL\17\bin;
USERNAME=Ibrahim addou
OS=Windows_NT
PROCESSOR_IDENTIFIER=Intel64 Family 6 Model 140 Stepping 2, GenuineIntel
TMP=C:\Users\IBRAHI~1\AppData\Local\Temp
TEMP=C:\Users\IBRAHI~1\AppData\Local\Temp




---------------  S Y S T E M  ---------------

OS:
 Windows 11 , 64 bit Build 22621 (10.0.22621.4830)
OS uptime: 0 days 5:20 hours
Hyper-V role detected

CPU: total 8 (initial active 8) (4 cores per cpu, 2 threads per core) family 6 model 140 stepping 2 microcode 0x2c, cx8, cmov, fxsr, ht, mmx, 3dnowpref, sse, sse2, sse3, ssse3, sse4.1, sse4.2, popcnt, lzcnt, tsc, tscinvbit, avx, avx2, aes, erms, clmul, bmi1, bmi2, adx, avx512f, avx512dq, avx512cd, avx512bw, avx512vl, sha, fma, vzeroupper, avx512_vpopcntdq, avx512_vpclmulqdq, avx512_vaes, avx512_vnni, clflush, clflushopt, clwb, avx512_vbmi2, avx512_vbmi, hv, rdtscp, rdpid, fsrm, gfni, avx512_bitalg, f16c, cet_ibt, cet_ss, avx512_ifma

Memory: 4k page, system-wide physical 16133M (3749M free)
TotalPageFile size 16133M (AvailPageFile size 5M)
current process WorkingSet (physical memory assigned to process): 261M, peak: 262M
current process commit charge ("private bytes"): 304M, peak: 398M

vm_info: Java HotSpot(TM) 64-Bit Server VM (20.0.1+9-29) for windows-amd64 JRE (20.0.1+9-29), built on 2023-03-07T13:56:11Z by "mach5one" with MS VC++ 17.1 (VS2022)

END.
